;; This buffer is for notes you don't want to save, and for Lisp evaluation.
;; If you want to create a file, visit that file with C-x C-f,
;; then enter the text in that file's own buffer.

re/loadTimeValues.cc" "/Users/meister/Development/cando/brcl/src/core/vectorObjects.cc" "/Users/meister/Development/cando/brcl/src/core/closPackage.cc" "/Users/meister/Development/cando/brcl/src/core/compPackage.cc" "/Users/meister/Development/cando/brcl/src/core/documentation.cc" "/Users/meister/Development/cando/brcl/src/core/object.cc" "/Users/meister/Development/cando/brcl/src/core/executables.cc" "/Users/meister/Development/cando/brcl/src/core/lispList.cc" "/Users/meister/Development/cando/brcl/src/core/evaluator.cc"  )
Running tool and saving results
 at:../../src/core/evaluator.cc:60:14 to:../../src/core/evaluator.cc:60:18   match: "name"
       replace with: "_rep_(name)"
       Number of replacements: 1
 at:../../src/core/evaluator.cc:92:71 to:../../src/core/evaluator.cc:92:75   match: "name"
       replace with: "_rep_(name)"
       Number of replacements: 2
 at:../../src/core/evaluator.cc:181:80 to:../../src/core/evaluator.cc:181:83   match: "sym"
       replace with: "_rep_(sym)"
       Number of replacements: 3
 at:../../src/core/evaluator.cc:351:48 to:../../src/core/evaluator.cc:351:55   match: "oclause"
       replace with: "_rep_(oclause)"
       Number of replacements: 4
 at:../../src/core/evaluator.cc:707:61 to:../../src/core/evaluator.cc:707:70   match: "inputBody"
       replace with: "_rep_(inputBody)"
       Number of replacements: 5
 at:../../src/core/evaluator.cc:959:146 to:../../src/core/evaluator.cc:959:147   match: "s"
       replace with: "_rep_(s)"
       Number of replacements: 6
 at:../../src/core/evaluator.cc:1099:78 to:../../src/core/evaluator.cc:1099:81   match: "tag"
       replace with: "_rep_(tag)"
       Number of replacements: 7
 at:../../src/core/evaluator.cc:1099:96 to:../../src/core/evaluator.cc:1099:99   match: "env"
       replace with: "_rep_(env)"
       Number of replacements: 8
 at:../../src/core/evaluator.cc:1267:64 to:../../src/core/evaluator.cc:1267:68   match: "args"
       replace with: "_rep_(args)"
       Number of replacements: 9
 at:../../src/core/evaluator.cc:1358:81 to:../../src/core/evaluator.cc:1358:92   match: "blockSymbol"
       replace with: "_rep_(blockSymbol)"
       Number of replacements: 10
 at:../../src/core/evaluator.cc:1358:107 to:../../src/core/evaluator.cc:1358:118   match: "environment"
       replace with: "_rep_(environment)"
       Number of replacements: 11
 at:../../src/core/evaluator.cc:1374:58 to:../../src/core/evaluator.cc:1374:69   match: "blockSymbol"
       replace with: "_rep_(blockSymbol)"
       Number of replacements: 12
 at:../../src/core/evaluator.cc:1597:55 to:../../src/core/evaluator.cc:1597:63   match: "fnSymbol"
       replace with: "_rep_(fnSymbol)"
       Number of replacements: 13
 at:../../src/core/evaluator.cc:1610:52 to:../../src/core/evaluator.cc:1610:59   match: "consArg"
       replace with: "_rep_(consArg)"
       Number of replacements: 14
 at:../../src/core/evaluator.cc:1642:61 to:../../src/core/evaluator.cc:1642:64   match: "arg"
       replace with: "_rep_(arg)"
       Number of replacements: 15
 at:../../src/core/evaluator.cc:1723:11 to:../../src/core/evaluator.cc:1723:17   match: "target"
       replace with: "_rep_(target)"
       Number of replacements: 16
 at:../../src/core/evaluator.cc:1723:32 to:../../src/core/evaluator.cc:1723:36   match: "args"
       replace with: "_rep_(args)"
       Number of replacements: 17
 at:../../src/core/evaluator.cc:1744:75 to:../../src/core/evaluator.cc:1744:81   match: "target"
       replace with: "_rep_(target)"
       Number of replacements: 18
 at:../../src/core/evaluator.cc:1744:96 to:../../src/core/evaluator.cc:1744:100   match: "args"
       replace with: "_rep_(args)"
       Number of replacements: 19
 at:../../src/core/evaluator.cc:2139:104 to:../../src/core/evaluator.cc:2139:108   match: "head"
       replace with: "_rep_(head)"
       Number of replacements: 20
 at:../../src/core/evaluator.cc:2267:99 to:../../src/core/evaluator.cc:2267:107   match: "headCons"
       replace with: "_rep_(headCons)"
       Number of replacements: 21
 at:../../src/core/evaluator.cc:2290:41 to:../../src/core/evaluator.cc:2290:45   match: "form"
       replace with: "_rep_(form)"
       Number of replacements: 22
 at:../../src/core/evaluator.cc:2357:69 to:../../src/core/evaluator.cc:2357:72   match: "exp"
       replace with: "_rep_(exp)"
       Number of replacements: 23
 at:../../src/core/evaluator.cc:2406:79 to:../../src/core/evaluator.cc:2406:87   match: "expanded"
       replace with: "_rep_(expanded)"
       Number of replacements: 24
 at:../../src/core/evaluator.cc:2425:14 to:../../src/core/evaluator.cc:2425:21   match: "headSym"
       replace with: "_rep_(headSym)"
       Number of replacements: 25
 at:../../src/core/evaluator.cc:2444:14 to:../../src/core/evaluator.cc:2444:21   match: "headSym"
       replace with: "_rep_(headSym)"
       Number of replacements: 26
 at:../../src/core/evaluator.cc:2449:74 to:../../src/core/evaluator.cc:2449:78   match: "head"
       replace with: "_rep_(head)"
       Number of replacements: 27
 at:../../src/core/executables.cc:76:7 to:../../src/core/executables.cc:76:17   match: "expression"
       replace with: "_rep_(expression)"
       Number of replacements: 28
 at:../../src/core/executables.cc:83:7 to:../../src/core/executables.cc:83:22   match: "this->_evalHead"
       replace with: "_rep_(this->_evalHead)"
       Number of replacements: 29
 at:../../src/core/executables.cc:173:44 to:../../src/core/executables.cc:173:48   match: "name"
       replace with: "_rep_(name)"
       Number of replacements: 30
 at:../../src/core/executables.cc:313:50 to:../../src/core/executables.cc:313:73   match: "this->getFunctionName()"
       replace with: "_rep_(this->getFunctionName())"
       Number of replacements: 31
 at:../../src/core/executables.cc:314:20 to:../../src/core/executables.cc:314:44   match: "this->_LambdaListHandler"
       replace with: "_rep_(this->_LambdaListHandler)"
       Number of replacements: 32
 at:../../src/core/executables.cc:317:32 to:../../src/core/executables.cc:317:56   match: "this->_ClosedEnvironment"
       replace with: "_rep_(this->_ClosedEnvironment)"
       Number of replacements: 33
 at:../../src/core/executables.cc:322:25 to:../../src/core/executables.cc:322:40   match: "this->_Declares"
       replace with: "_rep_(this->_Declares)"
       Number of replacements: 34
 at:../../src/core/executables.cc:323:28 to:../../src/core/executables.cc:323:44   match: "this->_DocString"
       replace with: "_rep_(this->_DocString)"
       Number of replacements: 35
 at:../../src/core/executables.cc:324:21 to:../../src/core/executables.cc:324:32   match: "this->_Code"
       replace with: "_rep_(this->_Code)"
       Number of replacements: 36
 at:../../src/core/executables.cc:325:31 to:../../src/core/executables.cc:325:52   match: "this->_SourceFileInfo"
       replace with: "_rep_(this->_SourceFileInfo)"
       Number of replacements: 37
 at:../../src/core/executables.cc:382:63 to:../../src/core/executables.cc:382:74   match: "this->_Code"
       replace with: "_rep_(this->_Code)"
       Number of replacements: 38
 at:../../src/core/executables.cc:386:18 to:../../src/core/executables.cc:386:24   match: "result"
       replace with: "_rep_(result)"
       Number of replacements: 39
 at:../../src/core/executables.cc:522:96 to:../../src/core/executables.cc:522:119   match: "this->getFunctionName()"
       replace with: "_rep_(this->getFunctionName())"
       Number of replacements: 40
 at:../../src/core/executables.cc:522:135 to:../../src/core/executables.cc:522:139   match: "args"
       replace with: "_rep_(args)"
       Number of replacements: 41
 at:../../src/core/executables.cc:526:18 to:../../src/core/executables.cc:526:24   match: "result"
       replace with: "_rep_(result)"
       Number of replacements: 42
 at:../../src/core/executables.cc:545:8 to:../../src/core/executables.cc:545:31   match: "this->getFunctionName()"
       replace with: "_rep_(this->getFunctionName())"
       Number of replacements: 43
 at:../../src/core/executables.cc:584:103 to:../../src/core/executables.cc:584:115   match: "functionKind"
       replace with: "_rep_(functionKind)"
       Number of replacements: 44
 at:../../src/core/executables.cc:621:100 to:../../src/core/executables.cc:621:123   match: "this->getFunctionName()"
       replace with: "_rep_(this->getFunctionName())"
       Number of replacements: 45
 at:../../src/core/executables.cc:621:139 to:../../src/core/executables.cc:621:143   match: "args"
       replace with: "_rep_(args)"
       Number of replacements: 46
 at:../../src/core/executables.cc:624:18 to:../../src/core/executables.cc:624:24   match: "result"
       replace with: "_rep_(result)"
       Number of replacements: 47
 at:../../src/core/executables.cc:634:8 to:../../src/core/executables.cc:634:30   match: "this->_WeakName.lock()"
       replace with: "_rep_(this->_WeakName.lock())"
       Number of replacements: 48
 at:../../src/core/executables.cc:635:8 to:../../src/core/executables.cc:635:19   match: "this->_Body"
       replace with: "_rep_(this->_Body)"
       Number of replacements: 49
 at:../../src/core/character.h:175:58 to:../../src/core/character.h:175:59   match: "o"
       replace with: "_rep_(o)"
       Number of replacements: 50
 at:../../src/core/object.cc:66:12 to:../../src/core/object.cc:66:15   match: "obj"
       replace with: "_rep_(obj)"
       Number of replacements: 51
 at:../../src/core/object.cc:616:93 to:../../src/core/object.cc:616:96   match: "val"
       replace with: "_rep_(val)"
       Number of replacements: 52
 at:../../src/core/object.cc:616:131 to:../../src/core/object.cc:616:135   match: "this"
       replace with: "_rep_(this)"
       Number of replacements: 53
 at:../../src/core/object.cc:628:105 to:../../src/core/object.cc:628:109   match: "this"
       replace with: "_rep_(this)"
       Number of replacements: 54
 at:../../src/core/vectorObjects.cc:172:12 to:../../src/core/vectorObjects.cc:172:28   match: "this->_Values[i]"
       replace with: "_rep_(this->_Values[i])"
       Number of replacements: 55
 at:../../src/core/vectorObjects.cc:194:98 to:../../src/core/vectorObjects.cc:194:105   match: "indices"
       replace with: "_rep_(indices)"
       Number of replacements: 56
 at:../../src/core/vectorObjects.cc:208:83 to:../../src/core/vectorObjects.cc:208:90   match: "indices"
       replace with: "_rep_(indices)"
       Number of replacements: 57
 at:../../src/core/vectorObjects.cc:220:107 to:../../src/core/vectorObjects.cc:220:118   match: "indices_val"
       replace with: "_rep_(indices_val)"
       Number of replacements: 58
 at:../../src/core/loadTimeValues.cc:86:81 to:../../src/core/loadTimeValues.cc:86:110   match: "this->_Objects->operator[](i)"
       replace with: "_rep_(this->_Objects->operator[](i))"
       Number of replacements: 59
 at:../../src/core/loadTimeValues.cc:93:45 to:../../src/core/loadTimeValues.cc:93:50   match: "(*it)"
       replace with: "_rep_((*it))"
       Number of replacements: 60
 at:../../src/core/debugger.cc:94:63 to:../../src/core/debugger.cc:94:79   match: "this->_Condition"
       replace with: "_rep_(this->_Condition)"
       Number of replacements: 61
 at:../../src/core/debugger.cc:158:47 to:../../src/core/debugger.cc:158:51   match: "func"
       replace with: "_rep_(func)"
       Number of replacements: 62
 at:../../src/core/debugger.cc:203:55 to:../../src/core/debugger.cc:203:61   match: "result"
       replace with: "_rep_(result)"
       Number of replacements: 63
 at:../../src/core/character.h:175:58 to:../../src/core/character.h:175:59   match: "o"
       replace with: "_rep_(o)"
       Number of replacements: 63
 at:../../src/core/print.cc:23:56 to:../../src/core/print.cc:23:62   match: "object"
       replace with: "_rep_(object)"
       Number of replacements: 64
 at:../../src/core/print.cc:46:11 to:../../src/core/print.cc:46:17   match: "object"
       replace with: "_rep_(object)"
       Number of replacements: 65
 at:../../src/core/print.cc:74:11 to:../../src/core/print.cc:74:17   match: "object"
       replace with: "_rep_(object)"
       Number of replacements: 66
 at:../../src/core/print.cc:106:10 to:../../src/core/print.cc:106:16   match: "output"
       replace with: "_rep_(output)"
       Number of replacements: 67
 at:../../src/core/character.h:175:58 to:../../src/core/character.h:175:59   match: "o"
       replace with: "_rep_(o)"
       Number of replacements: 67
 at:../../src/core/corePackage.cc:554:62 to:../../src/core/corePackage.cc:554:91   match: "cl::_sym_STARload_verboseSTAR"
       replace with: "_rep_(cl::_sym_STARload_verboseSTAR)"
       Number of replacements: 68
 at:../../src/core/singleDispatchGenericFunction.cc:110:78 to:../../src/core/singleDispatchGenericFunction.cc:110:82   match: "name"
       replace with: "_rep_(name)"
       Number of replacements: 69
 at:../../src/core/singleDispatchGenericFunction.cc:187:13 to:../../src/core/singleDispatchGenericFunction.cc:187:36   match: "this->getFunctionName()"
       replace with: "_rep_(this->getFunctionName())"
       Number of replacements: 70
 at:../../src/core/singleDispatchGenericFunction.cc:273:113 to:../../src/core/singleDispatchGenericFunction.cc:273:136   match: "this->getFunctionName()"
       replace with: "_rep_(this->getFunctionName())"
       Number of replacements: 71
 at:../../src/core/singleDispatchGenericFunction.cc:280:18 to:../../src/core/singleDispatchGenericFunction.cc:280:41   match: "this->getFunctionName()"
       replace with: "_rep_(this->getFunctionName())"
       Number of replacements: 72
 at:../../src/llvmo/llvmoExpose.h:3666:86 to:../../src/llvmo/llvmoExpose.h:3666:92   match: "object"
       replace with: "_rep_(object)"
       Number of replacements: 73
 at:../../src/llvmo/llvmoExpose.h:3685:83 to:../../src/llvmo/llvmoExpose.h:3685:89   match: "object"
       replace with: "_rep_(object)"
       Number of replacements: 74
 at:../../src/llvmo/llvmoExpose.h:3704:76 to:../../src/llvmo/llvmoExpose.h:3704:82   match: "object"
       replace with: "_rep_(object)"
       Number of replacements: 75
 at:../../src/llvmo/llvmoExpose.h:3723:82 to:../../src/llvmo/llvmoExpose.h:3723:88   match: "object"
       replace with: "_rep_(object)"
       Number of replacements: 76
 at:../../src/llvmo/llvmoExpose.h:3742:82 to:../../src/llvmo/llvmoExpose.h:3742:88   match: "object"
       replace with: "_rep_(object)"
       Number of replacements: 77
 at:../../src/llvmo/llvmoExpose.h:3761:82 to:../../src/llvmo/llvmoExpose.h:3761:88   match: "object"
       replace with: "_rep_(object)"
       Number of replacements: 78
 at:../../src/llvmo/llvmoExpose.h:3778:84 to:../../src/llvmo/llvmoExpose.h:3778:90   match: "object"
       replace with: "_rep_(object)"
       Number of replacements: 79
 at:../../src/llvmo/llvmoExpose.h:3797:80 to:../../src/llvmo/llvmoExpose.h:3797:86   match: "object"
       replace with: "_rep_(object)"
       Number of replacements: 80
 at:../../src/llvmo/debugInfoExpose.h:329:67 to:../../src/llvmo/debugInfoExpose.h:329:73   match: "object"
       replace with: "_rep_(object)"
       Number of replacements: 81
 at:../../src/llvmo/llvmoPackage.cc:269:40 to:../../src/llvmo/llvmoPackage.cc:269:44   match: "func"
       replace with: "_rep_(func)"
       Number of replacements: 82
 at:../../src/llvmo/llvmoPackage.cc:274:35 to:../../src/llvmo/llvmoPackage.cc:274:40   match: "funcs"
       replace with: "_rep_(funcs)"
       Number of replacements: 83
 at:../../src/core/activationFrame.cc:20:21 to:../../src/core/activationFrame.cc:20:27   match: "(*ptr)"
       replace with: "_rep_((*ptr))"
       Number of replacements: 84
 at:../../src/core/activationFrame.cc:148:9 to:../../src/core/activationFrame.cc:148:30   match: "debuggingInfo->elt(i)"
       replace with: "_rep_(debuggingInfo->elt(i))"
       Number of replacements: 85
 at:../../src/core/activationFrame.cc:163:13 to:../../src/core/activationFrame.cc:163:27   match: "this->_Args[i]"
       replace with: "_rep_(this->_Args[i])"
       Number of replacements: 86
 at:../../src/core/activationFrame.cc:389:12 to:../../src/core/activationFrame.cc:389:26   match: "this->_Args[i]"
       replace with: "_rep_(this->_Args[i])"
       Number of replacements: 87
 at:../../src/core/symbolVector.cc:77:8 to:../../src/core/symbolVector.cc:77:26   match: "(*(this->begin()))"
       replace with: "_rep_((*(this->begin())))"
       Number of replacements: 88
 at:../../src/core/symbolVector.cc:80:19 to:../../src/core/symbolVector.cc:80:24   match: "(*it)"
       replace with: "_rep_((*it))"
       Number of replacements: 89
 at:../../src/core/symbolVector.cc:116:11 to:../../src/core/symbolVector.cc:116:17   match: "(*v1i)"
       replace with: "_rep_((*v1i))"
       Number of replacements: 90
 at:../../src/core/symbolVector.cc:116:32 to:../../src/core/symbolVector.cc:116:38   match: "(*v2i)"
       replace with: "_rep_((*v2i))"
       Number of replacements: 91
 at:../../src/core/symbolVector.cc:157:12 to:../../src/core/symbolVector.cc:157:17   match: "(*it)"
       replace with: "_rep_((*it))"
       Number of replacements: 92
 at:../../src/core/symbolVector.cc:235:68 to:../../src/core/symbolVector.cc:235:71   match: "key"
       replace with: "_rep_(key)"
       Number of replacements: 93
 at:../../src/core/character.h:175:58 to:../../src/core/character.h:175:59   match: "o"
       replace with: "_rep_(o)"
       Number of replacements: 93
 at:../../src/core/primitives.cc:144:53 to:../../src/core/primitives.cc:144:65   match: "functionName"
       replace with: "_rep_(functionName)"
       Number of replacements: 94
 at:../../src/core/primitives.cc:189:98 to:../../src/core/primitives.cc:189:109   match: "elementType"
       replace with: "_rep_(elementType)"
       Number of replacements: 95
 at:../../src/core/primitives.cc:248:69 to:../../src/core/primitives.cc:248:73   match: "pair"
       replace with: "_rep_(pair)"
       Number of replacements: 96
 at:../../src/core/primitives.cc:252:75 to:../../src/core/primitives.cc:252:82   match: "element"
       replace with: "_rep_(element)"
       Number of replacements: 97
 at:../../src/core/primitives.cc:391:36 to:../../src/core/primitives.cc:391:37   match: "o"
       replace with: "_rep_(o)"
       Number of replacements: 98
 at:../../src/core/primitives.cc:510:68 to:../../src/core/primitives.cc:510:80   match: "functionName"
       replace with: "_rep_(functionName)"
       Number of replacements: 99
 at:../../src/core/primitives.cc:533:53 to:../../src/core/primitives.cc:533:65   match: "functionName"
       replace with: "_rep_(functionName)"
       Number of replacements: 100
 at:../../src/core/primitives.cc:563:49 to:../../src/core/primitives.cc:563:61   match: "functionName"
       replace with: "_rep_(functionName)"
       Number of replacements: 101
 at:../../src/core/primitives.cc:590:49 to:../../src/core/primitives.cc:590:61   match: "functionName"
       replace with: "_rep_(functionName)"
       Number of replacements: 102
 at:../../src/core/primitives.cc:620:49 to:../../src/core/primitives.cc:620:61   match: "functionName"
       replace with: "_rep_(functionName)"
       Number of replacements: 103
 at:../../src/core/primitives.cc:780:65 to:../../src/core/primitives.cc:780:68   match: "obj"
       replace with: "_rep_(obj)"
       Number of replacements: 104
 at:../../src/core/primitives.cc:1193:63 to:../../src/core/primitives.cc:1193:68   match: "start"
       replace with: "_rep_(start)"
       Number of replacements: 105
 at:../../src/core/primitives.cc:1197:69 to:../../src/core/primitives.cc:1197:72   match: "end"
       replace with: "_rep_(end)"
       Number of replacements: 106
 at:../../src/core/primitives.cc:1202:58 to:../../src/core/primitives.cc:1202:61   match: "end"
       replace with: "_rep_(end)"
       Number of replacements: 107
 at:../../src/core/primitives.cc:1202:76 to:../../src/core/primitives.cc:1202:81   match: "start"
       replace with: "_rep_(start)"
       Number of replacements: 108
 at:../../src/core/primitives.cc:1242:78 to:../../src/core/primitives.cc:1242:93   match: "external_format"
       replace with: "_rep_(external_format)"
       Number of replacements: 109
 at:../../src/core/primitives.cc:1277:79 to:../../src/core/primitives.cc:1277:94   match: "external_format"
       replace with: "_rep_(external_format)"
       Number of replacements: 110
 at:../../src/core/primitives.cc:1283:60 to:../../src/core/primitives.cc:1283:69   match: "if_exists"
       replace with: "_rep_(if_exists)"
       Number of replacements: 111
 at:../../src/core/primitives.cc:1341:55 to:../../src/core/primitives.cc:1341:56   match: "x"
       replace with: "_rep_(x)"
       Number of replacements: 112
 at:../../src/core/primitives.cc:1407:69 to:../../src/core/primitives.cc:1407:71   match: "cl"
       replace with: "_rep_(cl)"
       Number of replacements: 113
 at:../../src/core/primitives.cc:1407:86 to:../../src/core/primitives.cc:1407:94   match: "instance"
       replace with: "_rep_(instance)"
       Number of replacements: 114
 at:../../src/core/character.h:175:58 to:../../src/core/character.h:175:59   match: "o"
       replace with: "_rep_(o)"
       Number of replacements: 114
 at:../../src/core/vectorObjectsWithFillPtr.cc:81:12 to:../../src/core/vectorObjectsWithFillPtr.cc:81:24   match: "this->elt(i)"
       replace with: "_rep_(this->elt(i))"
       Number of replacements: 115
 at:../../src/core/holder.h:454:70 to:../../src/core/holder.h:454:73   match: "obj"
       replace with: "_rep_(obj)"
       Number of replacements: 116
 at:../../src/core/character.h:175:58 to:../../src/core/character.h:175:59   match: "o"
       replace with: "_rep_(o)"
       Number of replacements: 116
 at:../../src/core/lisp.cc:1435:95 to:../../src/core/lisp.cc:1435:105   match: "expression"
       replace with: "_rep_(expression)"
       Number of replacements: 117
 at:../../src/core/lisp.cc:1992:48 to:../../src/core/lisp.cc:1992:54   match: "symbol"
       replace with: "_rep_(symbol)"
       Number of replacements: 118
 at:../../src/core/lisp.cc:2013:183 to:../../src/core/lisp.cc:2013:187   match: "name"
       replace with: "_rep_(name)"
       Number of replacements: 119
 at:../../src/core/lisp.cc:2013:202 to:../../src/core/lisp.cc:2013:210   match: "newValue"
       replace with: "_rep_(newValue)"
       Number of replacements: 120
 at:../../src/core/lisp.cc:2023:98 to:../../src/core/lisp.cc:2023:102   match: "name"
       replace with: "_rep_(name)"
       Number of replacements: 121
 at:../../src/core/lisp.cc:2366:65 to:../../src/core/lisp.cc:2366:79   match: "function_desig"
       replace with: "_rep_(function_desig)"
       Number of replacements: 122
 at:../../src/core/lisp.cc:3280:42 to:../../src/core/lisp.cc:3280:51   match: "className"
       replace with: "_rep_(className)"
       Number of replacements: 123
 at:../../src/core/lisp.cc:3318:69 to:../../src/core/lisp.cc:3318:74   match: "gfSym"
       replace with: "_rep_(gfSym)"
       Number of replacements: 124
 at:../../src/core/lambdaListHandler.cc:64:101 to:../../src/core/lambdaListHandler.cc:64:108   match: "context"
       replace with: "_rep_(context)"
       Number of replacements: 125
 at:../../src/core/lambdaListHandler.cc:75:203 to:../../src/core/lambdaListHandler.cc:75:223   match: "declareSpecifierList"
       replace with: "_rep_(declareSpecifierList)"
       Number of replacements: 126
 at:../../src/core/lambdaListHandler.cc:1005:87 to:../../src/core/lambdaListHandler.cc:1005:94   match: "context"
       replace with: "_rep_(context)"
       Number of replacements: 127
 at:../../src/core/lambdaListHandler.cc:1022:61 to:../../src/core/lambdaListHandler.cc:1022:68   match: "context"
       replace with: "_rep_(context)"
       Number of replacements: 128
 at:../../src/core/lambdaListHandler.cc:1425:182 to:../../src/core/lambdaListHandler.cc:1425:209   match: "this->_ClassifiedSymbolList"
       replace with: "_rep_(this->_ClassifiedSymbolList)"
       Number of replacements: 129
 at:../../src/core/lambdaListHandler.cc:1451:186 to:../../src/core/lambdaListHandler.cc:1451:213   match: "this->_ClassifiedSymbolList"
       replace with: "_rep_(this->_ClassifiedSymbolList)"
       Number of replacements: 130
 at:../../src/core/lambdaListHandler.cc:1468:58 to:../../src/core/lambdaListHandler.cc:1468:80   match: "args->asCons(args_idx)"
       replace with: "_rep_(args->asCons(args_idx))"
       Number of replacements: 131
 at:../../src/core/lambdaListHandler.cc:1515:72 to:../../src/core/lambdaListHandler.cc:1515:78   match: "target"
       replace with: "_rep_(target)"
       Number of replacements: 132
 at:../../src/core/lambdaListHandler.cc:1539:38 to:../../src/core/lambdaListHandler.cc:1539:65   match: "this->_ClassifiedSymbolList"
       replace with: "_rep_(this->_ClassifiedSymbolList)"
       Number of replacements: 133
 at:../../src/core/lambdaListHandler.cc:1565:12 to:../../src/core/lambdaListHandler.cc:1565:33   match: "this->_AllowOtherKeys"
       replace with: "_rep_(this->_AllowOtherKeys)"
       Number of replacements: 134
 at:../../src/core/null.cc:74:28 to:../../src/core/null.cc:74:32   match: "this"
       replace with: "_rep_(this)"
       Number of replacements: 135
 at:../../src/core/objectSet.cc:111:12 to:../../src/core/objectSet.cc:111:17   match: "(*si)"
       replace with: "_rep_((*si))"
       Number of replacements: 136
 at:../../src/core/symbolToEnumConverter.cc:132:45 to:../../src/core/symbolToEnumConverter.cc:132:55   match: "it->second"
       replace with: "_rep_(it->second)"
       Number of replacements: 137
 at:../../src/core/character.h:175:58 to:../../src/core/character.h:175:59   match: "o"
       replace with: "_rep_(o)"
       Number of replacements: 137
 at:../../src/llvmo/llvmoExpose.h:3666:86 to:../../src/llvmo/llvmoExpose.h:3666:92   match: "object"
       replace with: "_rep_(object)"
       Number of replacements: 137
 at:../../src/llvmo/llvmoExpose.h:3685:83 to:../../src/llvmo/llvmoExpose.h:3685:89   match: "object"
       replace with: "_rep_(object)"
       Number of replacements: 137
 at:../../src/llvmo/llvmoExpose.h:3704:76 to:../../src/llvmo/llvmoExpose.h:3704:82   match: "object"
       replace with: "_rep_(object)"
       Number of replacements: 137
 at:../../src/llvmo/llvmoExpose.h:3723:82 to:../../src/llvmo/llvmoExpose.h:3723:88   match: "object"
       replace with: "_rep_(object)"
       Number of replacements: 137
 at:../../src/llvmo/llvmoExpose.h:3742:82 to:../../src/llvmo/llvmoExpose.h:3742:88   match: "object"
       replace with: "_rep_(object)"
       Number of replacements: 137
 at:../../src/llvmo/llvmoExpose.h:3761:82 to:../../src/llvmo/llvmoExpose.h:3761:88   match: "object"
       replace with: "_rep_(object)"
       Number of replacements: 137
 at:../../src/llvmo/llvmoExpose.h:3778:84 to:../../src/llvmo/llvmoExpose.h:3778:90   match: "object"
       replace with: "_rep_(object)"
       Number of replacements: 137
 at:../../src/llvmo/llvmoExpose.h:3797:80 to:../../src/llvmo/llvmoExpose.h:3797:86   match: "object"
       replace with: "_rep_(object)"
       Number of replacements: 137
 at:../../src/llvmo/intrinsics.cc:524:109 to:../../src/llvmo/intrinsics.cc:524:117   match: "(*renvP)"
       replace with: "_rep_((*renvP))"
       Number of replacements: 138
 at:../../src/llvmo/intrinsics.cc:689:11 to:../../src/llvmo/intrinsics.cc:689:24   match: "vf->entry(ei)"
       replace with: "_rep_(vf->entry(ei))"
       Number of replacements: 139
 at:../../src/llvmo/intrinsics.cc:726:12 to:../../src/llvmo/intrinsics.cc:726:18   match: "keyRef"
       replace with: "_rep_(keyRef)"
       Number of replacements: 140
 at:../../src/llvmo/intrinsics.cc:744:11 to:../../src/llvmo/intrinsics.cc:744:26   match: "frame->entry(i)"
       replace with: "_rep_(frame->entry(i))"
       Number of replacements: 141
 at:../../src/llvmo/intrinsics.cc:802:144 to:../../src/llvmo/intrinsics.cc:802:167   match: "func->getFunctionName()"
       replace with: "_rep_(func->getFunctionName())"
       Number of replacements: 142
 at:../../src/llvmo/intrinsics.cc:807:161 to:../../src/llvmo/intrinsics.cc:807:165   match: "func"
       replace with: "_rep_(func)"
       Number of replacements: 143
 at:../../src/llvmo/intrinsics.cc:826:81 to:../../src/llvmo/intrinsics.cc:826:88   match: "(*symP)"
       replace with: "_rep_((*symP))"
       Number of replacements: 144
 at:../../src/llvmo/intrinsics.cc:830:141 to:../../src/llvmo/intrinsics.cc:830:148   match: "(*symP)"
       replace with: "_rep_((*symP))"
       Number of replacements: 145
 at:../../src/llvmo/intrinsics.cc:835:161 to:../../src/llvmo/intrinsics.cc:835:165   match: "func"
       replace with: "_rep_(func)"
       Number of replacements: 146
 at:../../src/llvmo/intrinsics.cc:875:25 to:../../src/llvmo/intrinsics.cc:875:43   match: "(*argumentsFrameP)"
       replace with: "_rep_((*argumentsFrameP))"
       Number of replacements: 147
 at:../../src/llvmo/intrinsics.cc:912:78 to:../../src/llvmo/intrinsics.cc:912:85   match: "(*symP)"
       replace with: "_rep_((*symP))"
       Number of replacements: 148
 at:../../src/llvmo/intrinsics.cc:920:78 to:../../src/llvmo/intrinsics.cc:920:85   match: "(*symP)"
       replace with: "_rep_((*symP))"
       Number of replacements: 149
 at:../../src/llvmo/intrinsics.cc:933:73 to:../../src/llvmo/intrinsics.cc:933:80   match: "(*symP)"
       replace with: "_rep_((*symP))"
       Number of replacements: 150
 at:../../src/llvmo/intrinsics.cc:952:25 to:../../src/llvmo/intrinsics.cc:952:33   match: "(*renvP)"
       replace with: "_rep_((*renvP))"
       Number of replacements: 151
 at:../../src/llvmo/intrinsics.cc:1000:155 to:../../src/llvmo/intrinsics.cc:1000:163   match: "(*(afP))"
       replace with: "_rep_((*(afP)))"
       Number of replacements: 152
 at:../../src/llvmo/intrinsics.cc:1006:157 to:../../src/llvmo/intrinsics.cc:1006:165   match: "(*(afP))"
       replace with: "_rep_((*(afP)))"
       Number of replacements: 153
 at:../../src/llvmo/intrinsics.cc:1021:46 to:../../src/llvmo/intrinsics.cc:1021:48   match: "af"
       replace with: "_rep_(af)"
       Number of replacements: 154
 at:../../src/llvmo/intrinsics.cc:1028:53 to:../../src/llvmo/intrinsics.cc:1028:56   match: "obj"
       replace with: "_rep_(obj)"
       Number of replacements: 155
 at:../../src/llvmo/intrinsics.cc:1035:53 to:../../src/llvmo/intrinsics.cc:1035:56   match: "obj"
       replace with: "_rep_(obj)"
       Number of replacements: 156
 at:../../src/llvmo/intrinsics.cc:1063:14 to:../../src/llvmo/intrinsics.cc:1063:21   match: "(*objP)"
       replace with: "_rep_((*objP))"
       Number of replacements: 157
 at:../../src/llvmo/intrinsics.cc:1680:71 to:../../src/llvmo/intrinsics.cc:1680:78   match: "(*objP)"
       replace with: "_rep_((*objP))"
       Number of replacements: 158
 at:../../src/llvmo/intrinsics.cc:1698:63 to:../../src/llvmo/intrinsics.cc:1698:90   match: "valueFrame->entry(badKwIdx)"
       replace with: "_rep_(valueFrame->entry(badKwIdx))"
       Number of replacements: 159
 at:../../src/llvmo/intrinsics.cc:1698:105 to:../../src/llvmo/intrinsics.cc:1698:115   match: "valueFrame"
       replace with: "_rep_(valueFrame)"
       Number of replacements: 160
 at:../../src/core/character.h:175:58 to:../../src/core/character.h:175:59   match: "o"
       replace with: "_rep_(o)"
       Number of replacements: 160
 at:../../src/core/lispVector.cc:68:59 to:../../src/core/lispVector.cc:68:71   match: "element_type"
       replace with: "_rep_(element_type)"
       Number of replacements: 161
 at:../../src/core/lispVector.cc:85:54 to:../../src/core/lispVector.cc:85:59   match: "array"
       replace with: "_rep_(array)"
       Number of replacements: 162
 at:../../src/core/hashTable.cc:54:64 to:../../src/core/hashTable.cc:54:73   match: "test_func"
       replace with: "_rep_(test_func)"
       Number of replacements: 163
 at:../../src/core/hashTable.cc:330:60 to:../../src/core/hashTable.cc:330:75   match: "this->_HashTest"
       replace with: "_rep_(this->_HashTest)"
       Number of replacements: 164
 at:../../src/core/hashTable.cc:520:20 to:../../src/core/hashTable.cc:520:31   match: "cur->ocar()"
       replace with: "_rep_(cur->ocar())"
       Number of replacements: 165
 at:../../src/core/arguments.cc:47:8 to:../../src/core/arguments.cc:47:24   match: "this->_ArgTarget"
       replace with: "_rep_(this->_ArgTarget)"
       Number of replacements: 166
 at:../../src/core/arguments.cc:59:8 to:../../src/core/arguments.cc:59:24   match: "this->_ArgTarget"
       replace with: "_rep_(this->_ArgTarget)"
       Number of replacements: 167
 at:../../src/core/arguments.cc:63:8 to:../../src/core/arguments.cc:63:22   match: "this->_Default"
       replace with: "_rep_(this->_Default)"
       Number of replacements: 168
 at:../../src/core/arguments.cc:103:8 to:../../src/core/arguments.cc:103:24   match: "this->_ArgTarget"
       replace with: "_rep_(this->_ArgTarget)"
       Number of replacements: 169
 at:../../src/core/arguments.cc:115:23 to:../../src/core/arguments.cc:115:37   match: "this->_Keyword"
       replace with: "_rep_(this->_Keyword)"
       Number of replacements: 170
 at:../../src/core/arguments.cc:136:8 to:../../src/core/arguments.cc:136:25   match: "this->_Expression"
       replace with: "_rep_(this->_Expression)"
       Number of replacements: 171
 at:../../src/core/arguments.cc:170:54 to:../../src/core/arguments.cc:170:78   match: "_lisp->bindings().var(i)"
       replace with: "_rep_(_lisp->bindings().var(i))"
       Number of replacements: 172
 at:../../src/core/arguments.cc:170:93 to:../../src/core/arguments.cc:170:117   match: "_lisp->bindings().val(i)"
       replace with: "_rep_(_lisp->bindings().val(i))"
       Number of replacements: 173
 at:../../src/core/arguments.cc:194:141 to:../../src/core/arguments.cc:194:155   match: "arg._ArgTarget"
       replace with: "_rep_(arg._ArgTarget)"
       Number of replacements: 174
 at:../../src/core/arguments.cc:231:138 to:../../src/core/arguments.cc:231:157   match: "argument._ArgTarget"
       replace with: "_rep_(argument._ArgTarget)"
       Number of replacements: 175
 at:../../src/core/arguments.cc:253:53 to:../../src/core/arguments.cc:253:63   match: "classified"
       replace with: "_rep_(classified)"
       Number of replacements: 176
 at:../../src/core/arguments.cc:288:138 to:../../src/core/arguments.cc:288:157   match: "argument._ArgTarget"
       replace with: "_rep_(argument._ArgTarget)"
       Number of replacements: 177
 at:../../src/core/compiler.cc:76:48 to:../../src/core/compiler.cc:76:57   match: "pathDesig"
       replace with: "_rep_(pathDesig)"
       Number of replacements: 178
 at:../../src/core/compiler.cc:238:125 to:../../src/core/compiler.cc:238:128   match: "sym"
       replace with: "_rep_(sym)"
       Number of replacements: 179
 at:../../src/core/character.h:175:58 to:../../src/core/character.h:175:59   match: "o"
       replace with: "_rep_(o)"
       Number of replacements: 179
 at:../../src/core/testing.cc:73:46 to:../../src/core/testing.cc:73:47   match: "s"
       replace with: "_rep_(s)"
       Number of replacements: 180
 at:../../src/core/character.h:175:58 to:../../src/core/character.h:175:59   match: "o"
       replace with: "_rep_(o)"
       Number of replacements: 180
../../src/core/lispStream.cc:79:5: warning: unused function
      'clos_stream_write_byte8' [-Wunused-function]
    clos_stream_write_byte8(T_sp strm, unsigned char* c, int n)
    ^
../../src/core/lispStream.cc:90:5: warning: unused function 'clos_stream_read_byte'
      [-Wunused-function]
    clos_stream_read_byte(T_sp strm)
    ^
../../src/core/lispStream.cc:98:5: warning: unused function
      'clos_stream_write_byte' [-Wunused-function]
    clos_stream_write_byte(T_sp c, T_sp strm)
    ^
../../src/core/lispStream.cc:125:5: warning: unused function
      'clos_stream_write_char' [-Wunused-function]
    clos_stream_write_char(T_sp strm, brcl_char c)
    ^
../../src/core/lispStream.cc:160:5: warning: unused function
      'clos_stream_clear_output' [-Wunused-function]
    clos_stream_clear_output(T_sp strm)
    ^
../../src/core/lispStream.cc:179:5: warning: unused function 'clos_stream_input_p'
      [-Wunused-function]
    clos_stream_input_p(T_sp strm)
    ^
../../src/core/lispStream.cc:185:5: warning: unused function 'clos_stream_output_p'
      [-Wunused-function]
    clos_stream_output_p(T_sp strm)
    ^
../../src/core/lispStream.cc:191:5: warning: unused function
      'clos_stream_interactive_p' [-Wunused-function]
    clos_stream_interactive_p(T_sp strm)
    ^
../../src/core/lispStream.cc:198:5: warning: unused function
      'clos_stream_element_type' [-Wunused-function]
    clos_stream_element_type(T_sp strm)
    ^
../../src/core/lispStream.cc:204:5: warning: unused function 'clos_stream_length'
      [-Wunused-function]
    clos_stream_length(T_sp strm)
    ^
../../src/core/lispStream.cc:210:5: warning: unused function
      'clos_stream_get_position' [-Wunused-function]
    clos_stream_get_position(T_sp strm)
    ^
../../src/core/lispStream.cc:216:5: warning: unused function
      'clos_stream_set_position' [-Wunused-function]
    clos_stream_set_position(T_sp strm, T_sp pos)
    ^
../../src/core/lispStream.cc:233:5: warning: unused function 'clos_stream_close'
      [-Wunused-function]
    clos_stream_close(T_sp strm)
    ^
 at:../../src/core/character.h:175:58 to:../../src/core/character.h:175:59   match: "o"
       replace with: "_rep_(o)"
       Number of replacements: 180
 at:../../src/core/lispStream.cc:717:61 to:../../src/core/lispStream.cc:717:65   match: "this"
       replace with: "_rep_(this)"
       Number of replacements: 181
 at:../../src/core/lispStream.cc:2260:52 to:../../src/core/lispStream.cc:2260:72   match: "this->_SynonymSymbol"
       replace with: "_rep_(this->_SynonymSymbol)"
       Number of replacements: 182
 at:../../src/core/lispStream.cc:2465:56 to:../../src/core/lispStream.cc:2465:72   match: "this->_in_stream"
       replace with: "_rep_(this->_in_stream)"
       Number of replacements: 183
 at:../../src/core/lispStream.cc:2465:107 to:../../src/core/lispStream.cc:2465:124   match: "this->_out_stream"
       replace with: "_rep_(this->_out_stream)"
       Number of replacements: 184
13 warnings generated.
 at:../../src/core/structureObject.cc:47:68 to:../../src/core/structureObject.cc:47:71   match: "obj"
       replace with: "_rep_(obj)"
       Number of replacements: 185
 at:../../src/core/structureObject.cc:47:86 to:../../src/core/structureObject.cc:47:90   match: "name"
       replace with: "_rep_(name)"
       Number of replacements: 186
 at:../../src/core/structureObject.cc:62:71 to:../../src/core/structureObject.cc:62:74   match: "str"
       replace with: "_rep_(str)"
       Number of replacements: 187
 at:../../src/core/structureObject.cc:62:89 to:../../src/core/structureObject.cc:62:93   match: "type"
       replace with: "_rep_(type)"
       Number of replacements: 188
 at:../../src/core/structureObject.cc:62:114 to:../../src/core/structureObject.cc:62:117   match: "val"
       replace with: "_rep_(val)"
       Number of replacements: 189
 at:../../src/core/structureObject.cc:173:25 to:../../src/core/structureObject.cc:173:46   match: "this->_StructureClass"
       replace with: "_rep_(this->_StructureClass)"
       Number of replacements: 190
 at:../../src/core/structureObject.cc:183:9 to:../../src/core/structureObject.cc:183:24   match: "this->_Slots[i]"
       replace with: "_rep_(this->_Slots[i])"
       Number of replacements: 191
 at:../../src/core/character.h:175:58 to:../../src/core/character.h:175:59   match: "o"
       replace with: "_rep_(o)"
       Number of replacements: 191
 at:../../src/core/stacks.cc:170:49 to:../../src/core/stacks.cc:170:83   match: "this->_Function->getFunctionName()"
       replace with: "_rep_(this->_Function->getFunctionName())"
       Number of replacements: 192
 at:../../src/core/stacks.cc:177:11 to:../../src/core/stacks.cc:177:45   match: "this->_Function->getFunctionName()"
       replace with: "_rep_(this->_Function->getFunctionName())"
       Number of replacements: 193
 at:../../src/core/stacks.cc:314:30 to:../../src/core/stacks.cc:314:33   match: "msg"
       replace with: "_rep_(msg)"
       Number of replacements: 194
 at:../../src/core/model.cc:31:9 to:../../src/core/model.cc:31:12   match: "sig"
       replace with: "_rep_(sig)"
       Number of replacements: 195
 at:../../src/core/model.cc:255:78 to:../../src/core/model.cc:255:90   match: "notification"
       replace with: "_rep_(notification)"
       Number of replacements: 196
 at:../../src/core/model.cc:255:105 to:../../src/core/model.cc:255:109   match: "code"
       replace with: "_rep_(code)"
       Number of replacements: 197
 at:../../src/core/character.h:175:58 to:../../src/core/character.h:175:59   match: "o"
       replace with: "_rep_(o)"
       Number of replacements: 197
 at:../../src/core/character.h:175:58 to:../../src/core/character.h:175:59   match: "o"
       replace with: "_rep_(o)"
       Number of replacements: 197
 at:../../src/core/str.cc:588:68 to:../../src/core/str.cc:588:75   match: "indices"
       replace with: "_rep_(indices)"
       Number of replacements: 198
 at:../../src/core/str.cc:595:89 to:../../src/core/str.cc:595:100   match: "indices_val"
       replace with: "_rep_(indices_val)"
       Number of replacements: 199
 at:../../src/llvmo/llvmoExpose.h:3666:86 to:../../src/llvmo/llvmoExpose.h:3666:92   match: "object"
       replace with: "_rep_(object)"
       Number of replacements: 199
 at:../../src/llvmo/llvmoExpose.h:3685:83 to:../../src/llvmo/llvmoExpose.h:3685:89   match: "object"
       replace with: "_rep_(object)"
       Number of replacements: 199
 at:../../src/llvmo/llvmoExpose.h:3704:76 to:../../src/llvmo/llvmoExpose.h:3704:82   match: "object"
       replace with: "_rep_(object)"
       Number of replacements: 199
 at:../../src/llvmo/llvmoExpose.h:3723:82 to:../../src/llvmo/llvmoExpose.h:3723:88   match: "object"
       replace with: "_rep_(object)"
       Number of replacements: 199
 at:../../src/llvmo/llvmoExpose.h:3742:82 to:../../src/llvmo/llvmoExpose.h:3742:88   match: "object"
       replace with: "_rep_(object)"
       Number of replacements: 199
 at:../../src/llvmo/llvmoExpose.h:3761:82 to:../../src/llvmo/llvmoExpose.h:3761:88   match: "object"
       replace with: "_rep_(object)"
       Number of replacements: 199
 at:../../src/llvmo/llvmoExpose.h:3778:84 to:../../src/llvmo/llvmoExpose.h:3778:90   match: "object"
       replace with: "_rep_(object)"
       Number of replacements: 199
 at:../../src/llvmo/llvmoExpose.h:3797:80 to:../../src/llvmo/llvmoExpose.h:3797:86   match: "object"
       replace with: "_rep_(object)"
       Number of replacements: 199
 at:../../src/llvmo/llvmoExpose.cc:578:73 to:../../src/llvmo/llvmoExpose.cc:578:81   match: "elements"
       replace with: "_rep_(elements)"
       Number of replacements: 200
 at:../../src/llvmo/llvmoExpose.cc:1088:62 to:../../src/llvmo/llvmoExpose.cc:1088:64   match: "kw"
       replace with: "_rep_(kw)"
       Number of replacements: 201
 at:../../src/core/symbolSet.cc:110:8 to:../../src/core/symbolSet.cc:110:13   match: "(*si)"
       replace with: "_rep_((*si))"
       Number of replacements: 202
 at:../../src/core/symbolSet.cc:125:8 to:../../src/core/symbolSet.cc:125:13   match: "(*si)"
       replace with: "_rep_((*si))"
       Number of replacements: 203
 at:../../src/core/integerKeyObjectDictionary.cc:46:17 to:../../src/core/integerKeyObjectDictionary.cc:46:27   match: "vi->second"
       replace with: "_rep_(vi->second)"
       Number of replacements: 204
 at:../../src/llvmo/llvmoExpose.h:3666:86 to:../../src/llvmo/llvmoExpose.h:3666:92   match: "object"
       replace with: "_rep_(object)"
       Number of replacements: 204
 at:../../src/llvmo/llvmoExpose.h:3685:83 to:../../src/llvmo/llvmoExpose.h:3685:89   match: "object"
       replace with: "_rep_(object)"
       Number of replacements: 204
 at:../../src/llvmo/llvmoExpose.h:3704:76 to:../../src/llvmo/llvmoExpose.h:3704:82   match: "object"
       replace with: "_rep_(object)"
       Number of replacements: 204
 at:../../src/llvmo/llvmoExpose.h:3723:82 to:../../src/llvmo/llvmoExpose.h:3723:88   match: "object"
       replace with: "_rep_(object)"
       Number of replacements: 204
 at:../../src/llvmo/llvmoExpose.h:3742:82 to:../../src/llvmo/llvmoExpose.h:3742:88   match: "object"
       replace with: "_rep_(object)"
       Number of replacements: 204
 at:../../src/llvmo/llvmoExpose.h:3761:82 to:../../src/llvmo/llvmoExpose.h:3761:88   match: "object"
       replace with: "_rep_(object)"
       Number of replacements: 204
 at:../../src/llvmo/llvmoExpose.h:3778:84 to:../../src/llvmo/llvmoExpose.h:3778:90   match: "object"
       replace with: "_rep_(object)"
       Number of replacements: 204
 at:../../src/llvmo/llvmoExpose.h:3797:80 to:../../src/llvmo/llvmoExpose.h:3797:86   match: "object"
       replace with: "_rep_(object)"
       Number of replacements: 204
 at:../../src/llvmo/debugInfoExpose.h:329:67 to:../../src/llvmo/debugInfoExpose.h:329:73   match: "object"
       replace with: "_rep_(object)"
       Number of replacements: 204
 at:../../src/llvmo/debugInfoExpose.cc:385:64 to:../../src/llvmo/debugInfoExpose.cc:385:75   match: "cur->ocar()"
       replace with: "_rep_(cur->ocar())"
       Number of replacements: 205
 at:../../src/core/character.h:175:58 to:../../src/core/character.h:175:59   match: "o"
       replace with: "_rep_(o)"
       Number of replacements: 205
 at:../../src/core/character.h:175:58 to:../../src/core/character.h:175:59   match: "o"
       replace with: "_rep_(o)"
       Number of replacements: 205
 at:../../src/core/character.cc:577:55 to:../../src/core/character.cc:577:58   match: "val"
       replace with: "_rep_(val)"
       Number of replacements: 206
 at:../../src/core/character.h:175:58 to:../../src/core/character.h:175:59   match: "o"
       replace with: "_rep_(o)"
       Number of replacements: 206
 at:../../src/cffi/cffi.cc:178:56 to:../../src/cffi/cffi.cc:178:61   match: "atype"
       replace with: "_rep_(atype)"
       Number of replacements: 207
 at:../../src/cffi/cffi.cc:272:51 to:../../src/cffi/cffi.cc:272:56   match: "atype"
       replace with: "_rep_(atype)"
       Number of replacements: 208
 at:../../src/cffi/cffi.cc:446:51 to:../../src/cffi/cffi.cc:446:56   match: "atype"
       replace with: "_rep_(atype)"
       Number of replacements: 209
 at:../../src/cffi/cffi.cc:560:59 to:../../src/cffi/cffi.cc:560:64   match: "atype"
       replace with: "_rep_(atype)"
       Number of replacements: 210
 at:../../src/core/instance.cc:25:110 to:../../src/core/instance.cc:25:113   match: "obj"
       replace with: "_rep_(obj)"
       Number of replacements: 211
 at:../../src/core/instance.cc:41:108 to:../../src/core/instance.cc:41:110   match: "mc"
       replace with: "_rep_(mc)"
       Number of replacements: 212
 at:../../src/core/instance.cc:204:12 to:../../src/core/instance.cc:204:14   match: "mc"
       replace with: "_rep_(mc)"
       Number of replacements: 213
 at:../../src/core/instance.cc:207:51 to:../../src/core/instance.cc:207:63   match: "this->_Class"
       replace with: "_rep_(this->_Class)"
       Number of replacements: 214
 at:../../src/core/instance.cc:233:13 to:../../src/core/instance.cc:233:16   match: "obj"
       replace with: "_rep_(obj)"
       Number of replacements: 215
 at:../../src/core/symbol.cc:554:24 to:../../src/core/symbol.cc:554:49   match: "this->_WeakPackage.lock()"
       replace with: "_rep_(this->_WeakPackage.lock())"
       Number of replacements: 216
 at:../../src/core/symbol.cc:567:22 to:../../src/core/symbol.cc:567:34   match: "this->_Value"
       replace with: "_rep_(this->_Value)"
       Number of replacements: 217
 at:../../src/core/symbol.cc:580:25 to:../../src/core/symbol.cc:580:40   match: "this->_Function"
       replace with: "_rep_(this->_Function)"
       Number of replacements: 218
 at:../../src/core/symbol.cc:588:9 to:../../src/core/symbol.cc:588:28   match: "this->_PropertyList"
       replace with: "_rep_(this->_PropertyList)"
       Number of replacements: 219
 at:../../src/brcl/main.cc:62:92 to:../../src/brcl/main.cc:62:109   match: "ee.getThrownTag()"
       replace with: "_rep_(ee.getThrownTag())"
       Number of replacements: 220
 at:../../src/brcl/main.cc:62:124 to:../../src/brcl/main.cc:62:146   match: "ee.getReturnedObject()"
       replace with: "_rep_(ee.getReturnedObject())"
       Number of replacements: 221
 at:../../src/core/character.h:175:58 to:../../src/core/character.h:175:59   match: "o"
       replace with: "_rep_(o)"
       Number of replacements: 221
 at:../../src/core/character.h:175:58 to:../../src/core/character.h:175:59   match: "o"
       replace with: "_rep_(o)"
       Number of replacements: 221
 at:../../src/core/package.cc:337:39 to:../../src/core/package.cc:337:44   match: "value"
       replace with: "_rep_(value)"
       Number of replacements: 222
 at:../../src/core/package.cc:715:20 to:../../src/core/package.cc:715:26   match: "(*sit)"
       replace with: "_rep_((*sit))"
       Number of replacements: 223
 at:../../src/core/package.cc:717:110 to:../../src/core/package.cc:717:113   match: "sym"
       replace with: "_rep_(sym)"
       Number of replacements: 224
 at:../../src/core/character.h:175:58 to:../../src/core/character.h:175:59   match: "o"
       replace with: "_rep_(o)"
       Number of replacements: 224
 at:../../src/llvmo/llvmoExpose.h:3666:86 to:../../src/llvmo/llvmoExpose.h:3666:92   match: "object"
       replace with: "_rep_(object)"
       Number of replacements: 224
 at:../../src/llvmo/llvmoExpose.h:3685:83 to:../../src/llvmo/llvmoExpose.h:3685:89   match: "object"
       replace with: "_rep_(object)"
       Number of replacements: 224
 at:../../src/llvmo/llvmoExpose.h:3704:76 to:../../src/llvmo/llvmoExpose.h:3704:82   match: "object"
       replace with: "_rep_(object)"
       Number of replacements: 224
 at:../../src/llvmo/llvmoExpose.h:3723:82 to:../../src/llvmo/llvmoExpose.h:3723:88   match: "object"
       replace with: "_rep_(object)"
       Number of replacements: 224
 at:../../src/llvmo/llvmoExpose.h:3742:82 to:../../src/llvmo/llvmoExpose.h:3742:88   match: "object"
       replace with: "_rep_(object)"
       Number of replacements: 224
 at:../../src/llvmo/llvmoExpose.h:3761:82 to:../../src/llvmo/llvmoExpose.h:3761:88   match: "object"
       replace with: "_rep_(object)"
       Number of replacements: 224
 at:../../src/llvmo/llvmoExpose.h:3778:84 to:../../src/llvmo/llvmoExpose.h:3778:90   match: "object"
       replace with: "_rep_(object)"
       Number of replacements: 224
 at:../../src/llvmo/llvmoExpose.h:3797:80 to:../../src/llvmo/llvmoExpose.h:3797:86   match: "object"
       replace with: "_rep_(object)"
       Number of replacements: 224
 at:../../src/llvmo/debugInfoExpose.h:329:67 to:../../src/llvmo/debugInfoExpose.h:329:73   match: "object"
       replace with: "_rep_(object)"
       Number of replacements: 224
 at:../../src/core/binder.cc:68:92 to:../../src/core/binder.cc:68:95   match: "one"
       replace with: "_rep_(one)"
       Number of replacements: 225
 at:../../src/core/binder.cc:74:92 to:../../src/core/binder.cc:74:95   match: "one"
       replace with: "_rep_(one)"
       Number of replacements: 226
 at:../../src/core/binder.cc:86:39 to:../../src/core/binder.cc:86:43   match: "args"
       replace with: "_rep_(args)"
       Number of replacements: 227
 at:../../src/core/binder.cc:114:19 to:../../src/core/binder.cc:114:28   match: "it->first"
       replace with: "_rep_(it->first)"
       Number of replacements: 228
 at:../../src/core/binder.cc:242:66 to:../../src/core/binder.cc:242:69   match: "sym"
       replace with: "_rep_(sym)"
       Number of replacements: 229
 at:../../src/core/binder.cc:316:31 to:../../src/core/binder.cc:316:40   match: "it->first"
       replace with: "_rep_(it->first)"
       Number of replacements: 230
 at:../../src/core/binder.cc:320:9 to:../../src/core/binder.cc:320:12   match: "val"
       replace with: "_rep_(val)"
       Number of replacements: 231
 at:../../src/core/binder.cc:324:12 to:../../src/core/binder.cc:324:15   match: "val"
       replace with: "_rep_(val)"
       Number of replacements: 232
 at:../../src/core/binder.cc:417:80 to:../../src/core/binder.cc:417:83   match: "sym"
       replace with: "_rep_(sym)"
       Number of replacements: 233
 at:../../src/core/binder.cc:443:31 to:../../src/core/binder.cc:443:40   match: "it->first"
       replace with: "_rep_(it->first)"
       Number of replacements: 234
 at:../../src/core/binder.cc:444:12 to:../../src/core/binder.cc:444:22   match: "it->second"
       replace with: "_rep_(it->second)"
       Number of replacements: 235
 at:../../src/core/environment.cc:312:9 to:../../src/core/environment.cc:312:37   match: "this->getParentEnvironment()"
       replace with: "_rep_(this->getParentEnvironment())"
       Number of replacements: 236
 at:../../src/core/environment.cc:325:88 to:../../src/core/environment.cc:325:91   match: "sym"
       replace with: "_rep_(sym)"
       Number of replacements: 237
 at:../../src/core/environment.cc:485:45 to:../../src/core/environment.cc:485:48   match: "tag"
       replace with: "_rep_(tag)"
       Number of replacements: 238
 at:../../src/core/environment.cc:562:62 to:../../src/core/environment.cc:562:71   match: "blockName"
       replace with: "_rep_(blockName)"
       Number of replacements: 239
 at:../../src/core/environment.cc:583:68 to:../../src/core/environment.cc:583:71   match: "tag"
       replace with: "_rep_(tag)"
       Number of replacements: 240
 at:../../src/core/environment.cc:731:27 to:../../src/core/environment.cc:731:36   match: "it->first"
       replace with: "_rep_(it->first)"
       Number of replacements: 241
 at:../../src/core/environment.cc:731:63 to:../../src/core/environment.cc:731:73   match: "it->second"
       replace with: "_rep_(it->second)"
       Number of replacements: 242
 at:../../src/core/environment.cc:911:111 to:../../src/core/environment.cc:911:114   match: "sym"
       replace with: "_rep_(sym)"
       Number of replacements: 243
 at:../../src/core/environment.cc:925:109 to:../../src/core/environment.cc:925:112   match: "sym"
       replace with: "_rep_(sym)"
       Number of replacements: 244
 at:../../src/core/environment.cc:1044:31 to:../../src/core/environment.cc:1044:40   match: "it->first"
       replace with: "_rep_(it->first)"
       Number of replacements: 245
 at:../../src/core/environment.cc:1053:9 to:../../src/core/environment.cc:1053:50   match: "this->_ActivationFrame->entry(it->second)"
       replace with: "_rep_(this->_ActivationFrame->entry(it->second))"
       Number of replacements: 246
 at:../../src/core/environment.cc:1080:85 to:../../src/core/environment.cc:1080:88   match: "sym"
       replace with: "_rep_(sym)"
       Number of replacements: 247
 at:../../src/core/environment.cc:1098:63 to:../../src/core/environment.cc:1098:66   match: "sym"
       replace with: "_rep_(sym)"
       Number of replacements: 248
 at:../../src/core/environment.cc:1102:72 to:../../src/core/environment.cc:1102:75   match: "sym"
       replace with: "_rep_(sym)"
       Number of replacements: 249
 at:../../src/core/environment.cc:1248:43 to:../../src/core/environment.cc:1248:46   match: "key"
       replace with: "_rep_(key)"
       Number of replacements: 250
 at:../../src/core/environment.cc:1248:69 to:../../src/core/environment.cc:1248:74   match: "value"
       replace with: "_rep_(value)"
       Number of replacements: 251
 at:../../src/core/environment.cc:1469:57 to:../../src/core/environment.cc:1469:79   match: "this->getBlockSymbol()"
       replace with: "_rep_(this->getBlockSymbol())"
       Number of replacements: 252
 at:../../src/core/environment.cc:1510:58 to:../../src/core/environment.cc:1510:61   match: "sym"
       replace with: "_rep_(sym)"
       Number of replacements: 253
 at:../../src/core/environment.cc:1718:43 to:../../src/core/environment.cc:1718:52   match: "it->first"
       replace with: "_rep_(it->first)"
       Number of replacements: 254
 at:../../src/core/environment.cc:1751:12 to:../../src/core/environment.cc:1751:21   match: "it->first"
       replace with: "_rep_(it->first)"
       Number of replacements: 255
 at:../../src/core/environment.cc:1872:31 to:../../src/core/environment.cc:1872:40   match: "it->first"
       replace with: "_rep_(it->first)"
       Number of replacements: 256
 at:../../src/core/environment.cc:1969:31 to:../../src/core/environment.cc:1969:40   match: "it->first"
       replace with: "_rep_(it->first)"
       Number of replacements: 257
 at:../../src/core/environment.cc:1970:23 to:../../src/core/environment.cc:1970:33   match: "it->second"
       replace with: "_rep_(it->second)"
       Number of replacements: 258
 at:../../src/core/character.h:175:58 to:../../src/core/character.h:175:59   match: "o"
       replace with: "_rep_(o)"
       Number of replacements: 258
 at:../../src/core/foundation.cc:219:9 to:../../src/core/foundation.cc:219:12   match: "sym"
       replace with: "_rep_(sym)"
       Number of replacements: 259
 at:../../src/core/foundation.cc:306:9 to:../../src/core/foundation.cc:306:12   match: "obj"
       replace with: "_rep_(obj)"
       Number of replacements: 260
 at:../../src/core/foundation.cc:317:76 to:../../src/core/foundation.cc:317:91   match: "offendingObject"
       replace with: "_rep_(offendingObject)"
       Number of replacements: 261
 at:../../src/core/foundation.cc:317:106 to:../../src/core/foundation.cc:317:117   match: "foundTypeId"
       replace with: "_rep_(foundTypeId)"
       Number of replacements: 262
 at:../../src/core/foundation.cc:317:132 to:../../src/core/foundation.cc:317:146   match: "expectedTypeId"
       replace with: "_rep_(expectedTypeId)"
       Number of replacements: 263
 at:../../src/core/foundation.cc:515:10 to:../../src/core/foundation.cc:515:21   match: "classSymbol"
       replace with: "_rep_(classSymbol)"
       Number of replacements: 264
 at:../../src/core/foundation.cc:515:36 to:../../src/core/foundation.cc:515:51   match: "sd_class_symbol"
       replace with: "_rep_(sd_class_symbol)"
       Number of replacements: 265
 at:../../src/core/foundation.cc:515:66 to:../../src/core/foundation.cc:515:71   match: "llraw"
       replace with: "_rep_(llraw)"
       Number of replacements: 266
 at:../../src/core/foundation.cc:540:27 to:../../src/core/foundation.cc:540:30   match: "sym"
       replace with: "_rep_(sym)"
       Number of replacements: 267
 at:../../src/core/foundation.cc:687:125 to:../../src/core/foundation.cc:687:128   match: "sym"
       replace with: "_rep_(sym)"
       Number of replacements: 268
 at:../../src/core/foundation.cc:730:125 to:../../src/core/foundation.cc:730:128   match: "sym"
       replace with: "_rep_(sym)"
       Number of replacements: 269
 at:../../src/core/foundation.cc:954:16 to:../../src/core/foundation.cc:954:25   match: "condition"
       replace with: "_rep_(condition)"
       Number of replacements: 270
 at:../../src/core/foundation.cc:1285:24 to:../../src/core/foundation.cc:1285:37   match: "baseCondition"
       replace with: "_rep_(baseCondition)"
       Number of replacements: 271
 at:../../src/core/foundation.cc:1285:74 to:../../src/core/foundation.cc:1285:86   match: "initializers"
       replace with: "_rep_(initializers)"
       Number of replacements: 272
 at:../../src/core/character.h:175:58 to:../../src/core/character.h:175:59   match: "o"
       replace with: "_rep_(o)"
       Number of replacements: 272
 at:../../src/core/backquote.cc:177:40 to:../../src/core/backquote.cc:177:50   match: "x->ocadr()"
       replace with: "_rep_(x->ocadr())"
       Number of replacements: 273
 at:../../src/core/backquote.cc:180:40 to:../../src/core/backquote.cc:180:50   match: "x->ocadr()"
       replace with: "_rep_(x->ocadr())"
       Number of replacements: 274
 at:../../src/core/backquote.cc:192:42 to:../../src/core/backquote.cc:192:43   match: "p"
       replace with: "_rep_(p)"
       Number of replacements: 275
 at:../../src/core/backquote.cc:204:36 to:../../src/core/backquote.cc:204:37   match: "p"
       replace with: "_rep_(p)"
       Number of replacements: 276
 at:../../src/core/backquote.cc:208:36 to:../../src/core/backquote.cc:208:37   match: "p"
       replace with: "_rep_(p)"
       Number of replacements: 277
 at:../../src/gctools/tools.cc:540:66 to:../../src/gctools/tools.cc:540:76   match: "searchCons"
       replace with: "_rep_(searchCons)"
       Number of replacements: 278
 at:../../src/core/character.h:175:58 to:../../src/core/character.h:175:59   match: "o"
       replace with: "_rep_(o)"
       Number of replacements: 278
 at:../../src/core/designators.cc:106:70 to:../../src/core/designators.cc:106:73   match: "obj"
       replace with: "_rep_(obj)"
       Number of replacements: 279
 at:../../src/core/designators.cc:106:88 to:../../src/core/designators.cc:106:112   match: "lisp_instance_class(obj)"
       replace with: "_rep_(lisp_instance_class(obj))"
       Number of replacements: 280
 at:../../src/core/designators.cc:127:66 to:../../src/core/designators.cc:127:69   match: "obj"
       replace with: "_rep_(obj)"
       Number of replacements: 281
 at:../../src/core/designators.cc:145:66 to:../../src/core/designators.cc:145:69   match: "obj"
       replace with: "_rep_(obj)"
       Number of replacements: 282
 at:../../src/core/designators.cc:161:66 to:../../src/core/designators.cc:161:69   match: "obj"
       replace with: "_rep_(obj)"
       Number of replacements: 283
 at:../../src/llvmo/llvmoExpose.h:3666:86 to:../../src/llvmo/llvmoExpose.h:3666:92   match: "object"
       replace with: "_rep_(object)"
       Number of replacements: 283
 at:../../src/llvmo/llvmoExpose.h:3685:83 to:../../src/llvmo/llvmoExpose.h:3685:89   match: "object"
       replace with: "_rep_(object)"
       Number of replacements: 283
 at:../../src/llvmo/llvmoExpose.h:3704:76 to:../../src/llvmo/llvmoExpose.h:3704:82   match: "object"
       replace with: "_rep_(object)"
       Number of replacements: 283
 at:../../src/llvmo/llvmoExpose.h:3723:82 to:../../src/llvmo/llvmoExpose.h:3723:88   match: "object"
       replace with: "_rep_(object)"
       Number of replacements: 283
 at:../../src/llvmo/llvmoExpose.h:3742:82 to:../../src/llvmo/llvmoExpose.h:3742:88   match: "object"
       replace with: "_rep_(object)"
       Number of replacements: 283
 at:../../src/llvmo/llvmoExpose.h:3761:82 to:../../src/llvmo/llvmoExpose.h:3761:88   match: "object"
       replace with: "_rep_(object)"
       Number of replacements: 283
 at:../../src/llvmo/llvmoExpose.h:3778:84 to:../../src/llvmo/llvmoExpose.h:3778:90   match: "object"
       replace with: "_rep_(object)"
       Number of replacements: 283
 at:../../src/llvmo/llvmoExpose.h:3797:80 to:../../src/llvmo/llvmoExpose.h:3797:86   match: "object"
       replace with: "_rep_(object)"
       Number of replacements: 283
 at:../../src/llvmo/debugInfoExpose.h:329:67 to:../../src/llvmo/debugInfoExpose.h:329:73   match: "object"
       replace with: "_rep_(object)"
       Number of replacements: 283
 at:../../src/core/builtInClass.cc:65:10 to:../../src/core/builtInClass.cc:65:22   match: "this->name()"
       replace with: "_rep_(this->name())"
       Number of replacements: 284
 at:../../src/core/singleDispatchMethod.cc:302:21 to:../../src/core/singleDispatchMethod.cc:302:32   match: "this->_name"
       replace with: "_rep_(this->_name)"
       Number of replacements: 285
 at:../../src/core/singleDispatchMethod.cc:303:31 to:../../src/core/singleDispatchMethod.cc:303:52   match: "this->_receiver_class"
       replace with: "_rep_(this->_receiver_class)"
       Number of replacements: 286
 at:../../src/core/singleDispatchMethod.cc:304:21 to:../../src/core/singleDispatchMethod.cc:304:32   match: "this->_body"
       replace with: "_rep_(this->_body)"
       Number of replacements: 287
 at:../../src/core/singleDispatchMethod.cc:305:32 to:../../src/core/singleDispatchMethod.cc:305:64   match: "this->_chainable_method_function"
       replace with: "_rep_(this->_chainable_method_function)"
       Number of replacements: 288
 at:../../src/core/cons.cc:44:47 to:../../src/core/cons.cc:44:52   match: "place"
       replace with: "_rep_(place)"
       Number of replacements: 289
 at:../../src/core/cons.cc:373:54 to:../../src/core/cons.cc:373:57   match: "end"
       replace with: "_rep_(end)"
       Number of replacements: 290
 at:../../src/core/cons.cc:1005:18 to:../../src/core/cons.cc:1005:32   match: "start->ocadr()"
       replace with: "_rep_(start->ocadr())"
       Number of replacements: 291
 at:../../src/core/cons.cc:1008:24 to:../../src/core/cons.cc:1008:37   match: "start->ocdr()"
       replace with: "_rep_(start->ocdr())"
       Number of replacements: 292
 at:../../src/core/cons.cc:1027:15 to:../../src/core/cons.cc:1027:17   match: "po"
       replace with: "_rep_(po)"
       Number of replacements: 293
 at:../../src/core/cons.cc:1035:15 to:../../src/core/cons.cc:1035:18   match: "cdr"
       replace with: "_rep_(cdr)"
       Number of replacements: 294
 at:../../src/core/cons.cc:1204:11 to:../../src/core/cons.cc:1204:14   match: "obj"
       replace with: "_rep_(obj)"
       Number of replacements: 295
 at:../../src/core/cons.cc:1222:24 to:../../src/core/cons.cc:1222:26   match: "op"
       replace with: "_rep_(op)"
       Number of replacements: 296
 at:../../src/core/cons.cc:1453:29 to:../../src/core/cons.cc:1453:33   match: "this"
       replace with: "_rep_(this)"
       Number of replacements: 297
 at:../../src/core/cons.cc:1455:86 to:../../src/core/cons.cc:1455:90   match: "this"
       replace with: "_rep_(this)"
       Number of replacements: 298
 at:../../src/core/numbers.cc:802:9 to:../../src/core/numbers.cc:802:11   match: "na"
       replace with: "_rep_(na)"
       Number of replacements: 299
 at:../../src/core/numbers.cc:803:9 to:../../src/core/numbers.cc:803:11   match: "nb"
       replace with: "_rep_(nb)"
       Number of replacements: 300
 at:../../src/core/numbers.cc:2024:53 to:../../src/core/numbers.cc:2024:57   match: "expt"
       replace with: "_rep_(expt)"
       Number of replacements: 301
 at:../../src/core/numbers.cc:2191:53 to:../../src/core/numbers.cc:2191:57   match: "expt"
       replace with: "_rep_(expt)"
       Number of replacements: 302
 at:../../src/core/numbers.cc:2403:53 to:../../src/core/numbers.cc:2403:57   match: "expt"
       replace with: "_rep_(expt)"
       Number of replacements: 303
 at:../../src/core/numbers.cc:2592:53 to:../../src/core/numbers.cc:2592:57   match: "expt"
       replace with: "_rep_(expt)"
       Number of replacements: 304
 at:../../src/core/numbers.cc:2712:8 to:../../src/core/numbers.cc:2712:24   match: "this->_numerator"
       replace with: "_rep_(this->_numerator)"
       Number of replacements: 305
 at:../../src/core/numbers.cc:2712:47 to:../../src/core/numbers.cc:2712:65   match: "this->_denomenator"
       replace with: "_rep_(this->_denomenator)"
       Number of replacements: 306
 at:../../src/core/numbers.cc:2782:60 to:../../src/core/numbers.cc:2782:63   match: "num"
       replace with: "_rep_(num)"
       Number of replacements: 307
 at:../../src/core/numbers.cc:2918:17 to:../../src/core/numbers.cc:2918:28   match: "this->_real"
       replace with: "_rep_(this->_real)"
       Number of replacements: 308
 at:../../src/core/numbers.cc:2918:51 to:../../src/core/numbers.cc:2918:67   match: "this->_imaginary"
       replace with: "_rep_(this->_imaginary)"
       Number of replacements: 309
 at:../../src/core/metaClass.cc:457:91 to:../../src/core/metaClass.cc:457:94   match: "low"
       replace with: "_rep_(low)"
       Number of replacements: 310
 at:../../src/core/metaClass.cc:459:58 to:../../src/core/metaClass.cc:459:61   match: "low"
       replace with: "_rep_(low)"
       Number of replacements: 311
 at:../../src/core/array.cc:300:13 to:../../src/core/array.cc:300:78   match: "this->me->rowMajorAref(this->me->index_vector_int(this->indices))"
       replace with: "_rep_(this->me->rowMajorAref(this->me->index_vector_int(this->indices)))"
       Number of replacements: 312
 at:../../src/core/character.h:175:58 to:../../src/core/character.h:175:59   match: "o"
       replace with: "_rep_(o)"
       Number of replacements: 312
 at:../../src/core/readtable.cc:227:60 to:../../src/core/readtable.cc:227:62   match: "ch"
       replace with: "_rep_(ch)"
       Number of replacements: 313
 at:../../src/core/readtable.cc:227:77 to:../../src/core/readtable.cc:227:84   match: "subchar"
       replace with: "_rep_(subchar)"
       Number of replacements: 314
 at:../../src/core/readtable.cc:263:54 to:../../src/core/readtable.cc:263:55   match: "c"
       replace with: "_rep_(c)"
       Number of replacements: 315
 at:../../src/core/readtable.cc:291:51 to:../../src/core/readtable.cc:291:52   match: "c"
       replace with: "_rep_(c)"
       Number of replacements: 316
 at:../../src/core/readtable.cc:334:55 to:../../src/core/readtable.cc:334:58   match: "obj"
       replace with: "_rep_(obj)"
       Number of replacements: 317
 at:../../src/core/readtable.cc:362:55 to:../../src/core/readtable.cc:362:59   match: "name"
       replace with: "_rep_(name)"
       Number of replacements: 318
 at:../../src/core/readtable.cc:420:83 to:../../src/core/readtable.cc:420:87   match: "list"
       replace with: "_rep_(list)"
       Number of replacements: 319
 at:../../src/core/readtable.cc:498:14 to:../../src/core/readtable.cc:498:16   match: "ch"
       replace with: "_rep_(ch)"
       Number of replacements: 320
 at:../../src/core/readtable.cc:498:40 to:../../src/core/readtable.cc:498:43   match: "val"
       replace with: "_rep_(val)"
       Number of replacements: 321
 at:../../src/core/readtable.cc:682:52 to:../../src/core/readtable.cc:682:65   match: "features_cons"
       replace with: "_rep_(features_cons)"
       Number of replacements: 322
 at:../../src/core/readtable.cc:952:153 to:../../src/core/readtable.cc:952:160   match: "newCase"
       replace with: "_rep_(newCase)"
       Number of replacements: 323
 at:../../src/core/readtable.cc:983:20 to:../../src/core/readtable.cc:983:31   match: "this->_Case"
       replace with: "_rep_(this->_Case)"
       Number of replacements: 324
 at:../../src/core/readtable.cc:1043:58 to:../../src/core/readtable.cc:1043:67   match: "disp_char"
       replace with: "_rep_(disp_char)"
       Number of replacements: 325
 at:../../src/core/readtable.cc:1051:116 to:../../src/core/readtable.cc:1051:125   match: "disp_char"
       replace with: "_rep_(disp_char)"
       Number of replacements: 326
 at:../../src/core/readtable.cc:1064:58 to:../../src/core/readtable.cc:1064:67   match: "disp_char"
       replace with: "_rep_(disp_char)"
       Number of replacements: 327
 at:../../src/core/readtable.cc:1069:116 to:../../src/core/readtable.cc:1069:125   match: "disp_char"
       replace with: "_rep_(disp_char)"
       Number of replacements: 328
 at:../../src/core/readtable.cc:1095:46 to:../../src/core/readtable.cc:1095:57   match: "this->_Case"
       replace with: "_rep_(this->_Case)"
       Number of replacements: 329
 at:../../src/core/singleDispatchEffectiveMethodFunction.cc:83:44 to:../../src/core/singleDispatchEffectiveMethodFunction.cc:83:103   match: "cur->ocar()->as<SingleDispatchMethod_O>()->receiver_class()"
       replace with: "_rep_(cur->ocar()->as<SingleDispatchMethod_O>()->receiver_class())"
       Number of replacements: 330
 at:../../src/core/character.h:175:58 to:../../src/core/character.h:175:59   match: "o"
       replace with: "_rep_(o)"
       Number of replacements: 330
 at:../../src/core/bformat.cc:92:63 to:../../src/core/bformat.cc:92:69   match: "output"
       replace with: "_rep_(output)"
       Number of replacements: 331
 at:../../src/core/bformat.cc:117:88 to:../../src/core/bformat.cc:117:95   match: "control"
       replace with: "_rep_(control)"
       Number of replacements: 332
Done iresult=0  total replacements=332

0
> 
