core dir = ../../src/core
Scraping in ../../src/core
No changes found
Scraping in ../../src/llvmo
No changes found
Scraping in ../../src/gctools
No changes found
Scraping in ../../src/asttooling
No changes found
Scraping in ../../src/cffi
No changes found
Scraping in ../../src/mpip
No changes found
Scraping in ../../src/sockets
No changes found
Scraping in ../../src/clbind
No changes found
Scraping in ../../src/serveEvent
No changes found
/home/meister/local/externals-clasp/release/share/boost-build/build/project.jam:262: in find-jamfile from module project
error: Unable to load Jamfile.
error: Could not find a Jamfile in directory '../../cando'.
error: Attempted to find it with pattern '[Bb]uild.jam [Jj]amfile.v2 [Jj]amfile [Jj]amfile.jam'.
error: Please consult the documentation at 'http://www.boost.org'.
/home/meister/local/externals-clasp/release/share/boost-build/build/project.jam:280: in load-jamfile from module project
/home/meister/local/externals-clasp/release/share/boost-build/build/project.jam:64: in load from module project
/home/meister/local/externals-clasp/release/share/boost-build/build/project.jam:89: in load-used-projects from module project
/home/meister/local/externals-clasp/release/share/boost-build/build/project.jam:75: in load from module project
/home/meister/local/externals-clasp/release/share/boost-build/build/project.jam:113: in load-parent from module project
/home/meister/local/externals-clasp/release/share/boost-build/build/project.jam:449: in initialize from module project
/home/meister/local/externals-clasp/release/share/boost-build/build/project.jam:301: in load-jamfile from module project
/home/meister/local/externals-clasp/release/share/boost-build/build/project.jam:64: in load from module project
/home/meister/local/externals-clasp/release/share/boost-build/build/project.jam:113: in load-parent from module project
/home/meister/local/externals-clasp/release/share/boost-build/build/project.jam:449: in initialize from module project
/home/meister/local/externals-clasp/release/share/boost-build/build/project.jam:301: in load-jamfile from module project
/home/meister/local/externals-clasp/release/share/boost-build/build/project.jam:64: in load from module project
/home/meister/local/externals-clasp/release/share/boost-build/build/project.jam:145: in project.find from module project
/home/meister/local/externals-clasp/release/share/boost-build/build-system.jam:535: in load from module build-system
/home/meister/local/externals-clasp/release/share/boost-build/kernel/modules.jam:289: in import from module modules
/home/meister/local/externals-clasp/release/share/boost-build/kernel/bootstrap.jam:139: in boost-build from module
/home/meister/local/externals-clasp/release/share/boost-build/boost-build.jam:8: in module scope from module

