\BOOKMARK [0][-]{chapter.1}{Cando Programs}{}
\BOOKMARK [0][-]{chapter.2}{Cando Scripting Language}{}
\BOOKMARK [1][-]{section.2.1}{Control structures}{chapter.2}
\BOOKMARK [2][-]{subsection.2.1.1}{ASSERT}{section.2.1}
\BOOKMARK [2][-]{subsection.2.1.2}{LOG}{section.2.1}
\BOOKMARK [2][-]{subsection.2.1.3}{block}{section.2.1}
\BOOKMARK [2][-]{subsection.2.1.4}{blockDEBUG}{section.2.1}
\BOOKMARK [2][-]{subsection.2.1.5}{blockLOG}{section.2.1}
\BOOKMARK [2][-]{subsection.2.1.6}{break}{section.2.1}
\BOOKMARK [2][-]{subsection.2.1.7}{cond}{section.2.1}
\BOOKMARK [2][-]{subsection.2.1.8}{continue}{section.2.1}
\BOOKMARK [2][-]{subsection.2.1.9}{foreach}{section.2.1}
\BOOKMARK [2][-]{subsection.2.1.10}{if}{section.2.1}
\BOOKMARK [2][-]{subsection.2.1.11}{ifTrue}{section.2.1}
\BOOKMARK [2][-]{subsection.2.1.12}{invoke}{section.2.1}
\BOOKMARK [2][-]{subsection.2.1.13}{lambda}{section.2.1}
\BOOKMARK [2][-]{subsection.2.1.14}{quote}{section.2.1}
\BOOKMARK [2][-]{subsection.2.1.15}{return}{section.2.1}
\BOOKMARK [2][-]{subsection.2.1.16}{throw}{section.2.1}
\BOOKMARK [2][-]{subsection.2.1.17}{while}{section.2.1}
\BOOKMARK [1][-]{section.2.2}{database}{chapter.2}
\BOOKMARK [2][-]{subsection.2.2.1}{contextGrep}{section.2.2}
\BOOKMARK [2][-]{subsection.2.2.2}{setDatabase}{section.2.2}
\BOOKMARK [2][-]{subsection.2.2.3}{standardDatabase}{section.2.2}
\BOOKMARK [1][-]{section.2.3}{Debugging}{chapter.2}
\BOOKMARK [1][-]{section.2.4}{general}{chapter.2}
\BOOKMARK [2][-]{subsection.2.4.1}{add}{section.2.4}
\BOOKMARK [2][-]{subsection.2.4.2}{allGlobalNames}{section.2.4}
\BOOKMARK [2][-]{subsection.2.4.3}{and}{section.2.4}
\BOOKMARK [2][-]{subsection.2.4.4}{caddr}{section.2.4}
\BOOKMARK [2][-]{subsection.2.4.5}{cadr}{section.2.4}
\BOOKMARK [2][-]{subsection.2.4.6}{car}{section.2.4}
\BOOKMARK [2][-]{subsection.2.4.7}{cdddr}{section.2.4}
\BOOKMARK [2][-]{subsection.2.4.8}{cddr}{section.2.4}
\BOOKMARK [2][-]{subsection.2.4.9}{cdr}{section.2.4}
\BOOKMARK [2][-]{subsection.2.4.10}{className}{section.2.4}
\BOOKMARK [2][-]{subsection.2.4.11}{cons}{section.2.4}
\BOOKMARK [2][-]{subsection.2.4.12}{contentWithName}{section.2.4}
\BOOKMARK [2][-]{subsection.2.4.13}{databaseDir}{section.2.4}
\BOOKMARK [2][-]{subsection.2.4.14}{debugDumpClassManager}{section.2.4}
\BOOKMARK [2][-]{subsection.2.4.15}{debugLogOff}{section.2.4}
\BOOKMARK [2][-]{subsection.2.4.16}{debugLogOn}{section.2.4}
\BOOKMARK [2][-]{subsection.2.4.17}{div}{section.2.4}
\BOOKMARK [2][-]{subsection.2.4.18}{eq}{section.2.4}
\BOOKMARK [2][-]{subsection.2.4.19}{format}{section.2.4}
\BOOKMARK [2][-]{subsection.2.4.20}{ge}{section.2.4}
\BOOKMARK [2][-]{subsection.2.4.21}{gt}{section.2.4}
\BOOKMARK [2][-]{subsection.2.4.22}{include}{section.2.4}
\BOOKMARK [2][-]{subsection.2.4.23}{isOfClass}{section.2.4}
\BOOKMARK [2][-]{subsection.2.4.24}{isTopLevelScript}{section.2.4}
\BOOKMARK [2][-]{subsection.2.4.25}{le}{section.2.4}
\BOOKMARK [2][-]{subsection.2.4.26}{length}{section.2.4}
\BOOKMARK [2][-]{subsection.2.4.27}{let}{section.2.4}
\BOOKMARK [2][-]{subsection.2.4.28}{list}{section.2.4}
\BOOKMARK [2][-]{subsection.2.4.29}{listref}{section.2.4}
\BOOKMARK [2][-]{subsection.2.4.30}{localVariableNames}{section.2.4}
\BOOKMARK [2][-]{subsection.2.4.31}{lt}{section.2.4}
\BOOKMARK [2][-]{subsection.2.4.32}{map}{section.2.4}
\BOOKMARK [2][-]{subsection.2.4.33}{max}{section.2.4}
\BOOKMARK [2][-]{subsection.2.4.34}{min}{section.2.4}
\BOOKMARK [2][-]{subsection.2.4.35}{mod}{section.2.4}
\BOOKMARK [2][-]{subsection.2.4.36}{mul}{section.2.4}
\BOOKMARK [2][-]{subsection.2.4.37}{ne}{section.2.4}
\BOOKMARK [2][-]{subsection.2.4.38}{not}{section.2.4}
\BOOKMARK [2][-]{subsection.2.4.39}{or}{section.2.4}
\BOOKMARK [2][-]{subsection.2.4.40}{print}{section.2.4}
\BOOKMARK [2][-]{subsection.2.4.41}{printPopPrefix}{section.2.4}
\BOOKMARK [2][-]{subsection.2.4.42}{printPushPrefix}{section.2.4}
\BOOKMARK [2][-]{subsection.2.4.43}{repr}{section.2.4}
\BOOKMARK [2][-]{subsection.2.4.44}{set}{section.2.4}
\BOOKMARK [2][-]{subsection.2.4.45}{sub}{section.2.4}
\BOOKMARK [2][-]{subsection.2.4.46}{subClassOf}{section.2.4}
\BOOKMARK [2][-]{subsection.2.4.47}{scannerTest}{section.2.4}
\BOOKMARK [1][-]{section.2.5}{Macro commands}{chapter.2}
\BOOKMARK [2][-]{subsection.2.5.1}{defClass}{section.2.5}
\BOOKMARK [2][-]{subsection.2.5.2}{defFunction}{section.2.5}
\BOOKMARK [2][-]{subsection.2.5.3}{defMethod}{section.2.5}
\BOOKMARK [1][-]{section.2.6}{monomerPack}{chapter.2}
\BOOKMARK [2][-]{subsection.2.6.1}{createMonomerPack}{section.2.6}
\BOOKMARK [2][-]{subsection.2.6.2}{setMonomerPack}{section.2.6}
\BOOKMARK [1][-]{section.2.7}{Ring identification commands and objects}{chapter.2}
\BOOKMARK [2][-]{subsection.2.7.1}{identifyRings}{section.2.7}
\BOOKMARK [0][-]{chapter.3}{Cando Object Classes}{}
\BOOKMARK [1][-]{section.3.1}{Alias}{chapter.3}
\BOOKMARK [2][-]{subsection.3.1.1}{Alias class methods}{section.3.1}
\BOOKMARK [1][-]{section.3.2}{AnchorOnOtherSideOfPlug}{chapter.3}
\BOOKMARK [2][-]{subsection.3.2.1}{AnchorOnOtherSideOfPlug class methods}{section.3.2}
\BOOKMARK [1][-]{section.3.3}{AtomGrid}{chapter.3}
\BOOKMARK [2][-]{subsection.3.3.1}{AtomGrid class methods}{section.3.3}
\BOOKMARK [1][-]{section.3.4}{Builder}{chapter.3}
\BOOKMARK [1][-]{section.3.5}{ChemDraw}{chapter.3}
\BOOKMARK [2][-]{subsection.3.5.1}{ChemDraw class methods}{section.3.5}
\BOOKMARK [1][-]{section.3.6}{ExtractOthersFrame}{chapter.3}
\BOOKMARK [2][-]{subsection.3.6.1}{ExtractOthersFrame class methods}{section.3.6}
\BOOKMARK [1][-]{section.3.7}{Fragment}{chapter.3}
\BOOKMARK [2][-]{subsection.3.7.1}{Fragment class methods}{section.3.7}
\BOOKMARK [1][-]{section.3.8}{Frame}{chapter.3}
\BOOKMARK [2][-]{subsection.3.8.1}{Frame class methods}{section.3.8}
\BOOKMARK [1][-]{section.3.9}{Hit}{chapter.3}
\BOOKMARK [2][-]{subsection.3.9.1}{getBuiltMolecule}{section.3.9}
\BOOKMARK [2][-]{subsection.3.9.2}{getData}{section.3.9}
\BOOKMARK [2][-]{subsection.3.9.3}{getScore}{section.3.9}
\BOOKMARK [2][-]{subsection.3.9.4}{setScore}{section.3.9}
\BOOKMARK [1][-]{section.3.10}{HitList commands}{chapter.3}
\BOOKMARK [2][-]{subsection.3.10.1}{addAllHits}{section.3.10}
\BOOKMARK [2][-]{subsection.3.10.2}{addHit}{section.3.10}
\BOOKMARK [2][-]{subsection.3.10.3}{describe}{section.3.10}
\BOOKMARK [2][-]{subsection.3.10.4}{getHit}{section.3.10}
\BOOKMARK [2][-]{subsection.3.10.5}{hitListGet}{section.3.10}
\BOOKMARK [2][-]{subsection.3.10.6}{isAHit}{section.3.10}
\BOOKMARK [2][-]{subsection.3.10.7}{numberOfHits}{section.3.10}
\BOOKMARK [1][-]{section.3.11}{Mate}{chapter.3}
\BOOKMARK [2][-]{subsection.3.11.1}{Mate class methods}{section.3.11}
\BOOKMARK [1][-]{section.3.12}{MultiScorer}{chapter.3}
\BOOKMARK [2][-]{subsection.3.12.1}{MultiScorer class methods}{section.3.12}
\BOOKMARK [1][-]{section.3.13}{Path}{chapter.3}
\BOOKMARK [2][-]{subsection.3.13.1}{Path class methods}{section.3.13}
\BOOKMARK [1][-]{section.3.14}{Plug}{chapter.3}
\BOOKMARK [2][-]{subsection.3.14.1}{Plug class methods}{section.3.14}
\BOOKMARK [1][-]{section.3.15}{Scorer}{chapter.3}
\BOOKMARK [2][-]{subsection.3.15.1}{Scorer class methods}{section.3.15}
\BOOKMARK [1][-]{section.3.16}{StereoConfiguration}{chapter.3}
\BOOKMARK [2][-]{subsection.3.16.1}{StereoConfiguration class methods}{section.3.16}
\BOOKMARK [1][-]{section.3.17}{StereoInformation}{chapter.3}
\BOOKMARK [2][-]{subsection.3.17.1}{StereoInformation class methods}{section.3.17}
\BOOKMARK [2][-]{subsection.3.17.2}{StereoInformation instance methods}{section.3.17}
\BOOKMARK [1][-]{section.3.18}{Stereoisomer}{chapter.3}
\BOOKMARK [2][-]{subsection.3.18.1}{Stereoisomer class methods}{section.3.18}
\BOOKMARK [1][-]{section.3.19}{StringSet}{chapter.3}
\BOOKMARK [2][-]{subsection.3.19.1}{StringSet class methods}{section.3.19}
\BOOKMARK [1][-]{section.3.20}{Superpose}{chapter.3}
\BOOKMARK [2][-]{subsection.3.20.1}{Superpose class methods}{section.3.20}
\BOOKMARK [1][-]{section.3.21}{Class methods}{chapter.3}
\BOOKMARK [2][-]{subsection.3.21.1}{describe}{section.3.21}
\BOOKMARK [1][-]{section.3.22}{HitList class}{chapter.3}
\BOOKMARK [2][-]{subsection.3.22.1}{setHitList}{section.3.22}
\BOOKMARK [0][-]{chapter.4}{MSMARTS chemical pattern matching}{}
\BOOKMARK [1][-]{section.4.1}{Atomic Primitives}{chapter.4}
\BOOKMARK [1][-]{section.4.2}{Logical Operators}{chapter.4}
\BOOKMARK [1][-]{section.4.3}{Recursive MSMARTS}{chapter.4}
